<?xml version="1.0" encoding="UTF-8"?>
<!-- Generated by org.testng.reporters.JUnitReportReporter -->
<testsuite hostname="ATMECSINDT-083" failures="0" tests="3" name="com.PhpTravelsHotelApplication.TestScript.SearchAndFilter" time="52.393" errors="0" timestamp="17 Sep 2019 12:25:45 GMT" skipped="0">
  <testcase classname="com.PhpTravelsHotelApplication.TestScript.SearchAndFilter" name="getSearchDetails" time="17.239"/>
  <testcase classname="com.PhpTravelsHotelApplication.TestScript.SearchAndFilter" name="verifyPriceTextUpdate" time="1.729"/>
  <testcase classname="com.PhpTravelsHotelApplication.TestScript.SearchAndFilter" name="validateDataFilteredorNot" time="33.425"/>
</testsuite> <!-- com.PhpTravelsHotelApplication.TestScript.SearchAndFilter -->
